[INFO] Scanning for projects...
[INFO] 
[INFO] --------------------< com.cravita:learniq-backend >---------------------
[INFO] Building  0.0.1-SNAPSHOT
[INFO]   from pom.xml
[INFO] --------------------------------[ jar ]---------------------------------
[INFO] 
[INFO] >>> spring-boot:3.5.12:run (default-cli) > test-compile @ learniq-backend >>>
[INFO] 
[INFO] --- resources:3.3.1:resources (default-resources) @ learniq-backend ---
[INFO] Copying 1 resource from src\main\resources to target\classes
[INFO] Copying 4 resources from src\main\resources to target\classes
[INFO] 
[INFO] --- compiler:3.14.1:compile (default-compile) @ learniq-backend ---
[INFO] Nothing to compile - all classes are up to date.
[INFO] 
[INFO] --- resources:3.3.1:testResources (default-testResources) @ learniq-backend ---
[INFO] skip non existing resourceDirectory C:\Users\rampb\OneDrive\Desktop\LearnIQ\learniq-backend\src\test\resources
[INFO] 
[INFO] --- compiler:3.14.1:testCompile (default-testCompile) @ learniq-backend ---
[INFO] Nothing to compile - all classes are up to date.
[INFO] 
[INFO] <<< spring-boot:3.5.12:run (default-cli) < test-compile @ learniq-backend <<<
[INFO] 
[INFO] 
[INFO] --- spring-boot:3.5.12:run (default-cli) @ learniq-backend ---
[INFO] Attaching agents: []

  .   ____          _            __ _ _
 /\\ / ___'_ __ _ _(_)_ __  __ _ \ \ \ \
( ( )\___ | '_ | '_| | '_ \/ _` | \ \ \ \
 \\/  ___)| |_)| | | | | || (_| |  ) ) ) )
  '  |____| .__|_| |_|_| |_\__, | / / / /
 =========|_|==============|___/=/_/_/_/

 :: Spring Boot ::               (v3.5.12)

2026-04-10T00:32:00.004+05:30  INFO 15096 --- [learniq-backend] [           main] l.LearniqBackendApplication              : Starting LearniqBackendApplication using Java 17.0.17 with PID 15096 (C:\Users\rampb\OneDrive\Desktop\LearnIQ\learniq-backend\target\classes started by rampb in C:\Users\rampb\OneDrive\Desktop\LearnIQ\learniq-backend)
2026-04-10T00:32:00.034+05:30  INFO 15096 --- [learniq-backend] [           main] l.LearniqBackendApplication              : No active profile set, falling back to 1 default profile: "default"
2026-04-10T00:32:02.371+05:30  INFO 15096 --- [learniq-backend] [           main] .s.d.r.c.RepositoryConfigurationDelegate : Bootstrapping Spring Data JPA repositories in DEFAULT mode.
2026-04-10T00:32:02.547+05:30  INFO 15096 --- [learniq-backend] [           main] .s.d.r.c.RepositoryConfigurationDelegate : Finished Spring Data repository scanning in 159 ms. Found 5 JPA repository interfaces.
2026-04-10T00:32:03.887+05:30  INFO 15096 --- [learniq-backend] [           main] o.s.b.w.embedded.tomcat.TomcatWebServer  : Tomcat initialized with port 8080 (http)
2026-04-10T00:32:03.911+05:30  INFO 15096 --- [learniq-backend] [           main] o.apache.catalina.core.StandardService   : Starting service [Tomcat]
2026-04-10T00:32:03.912+05:30  INFO 15096 --- [learniq-backend] [           main] o.apache.catalina.core.StandardEngine    : Starting Servlet engine: [Apache Tomcat/10.1.52]
2026-04-10T00:32:04.038+05:30  INFO 15096 --- [learniq-backend] [           main] o.a.c.c.C.[Tomcat].[localhost].[/]       : Initializing Spring embedded WebApplicationContext
2026-04-10T00:32:04.041+05:30  INFO 15096 --- [learniq-backend] [           main] w.s.c.ServletWebServerApplicationContext : Root WebApplicationContext: initialization completed in 3773 ms
2026-04-10T00:32:04.383+05:30  INFO 15096 --- [learniq-backend] [           main] o.hibernate.jpa.internal.util.LogHelper  : HHH000204: Processing PersistenceUnitInfo [name: default]
2026-04-10T00:32:04.513+05:30  INFO 15096 --- [learniq-backend] [           main] org.hibernate.Version                    : HHH000412: Hibernate ORM core version 6.6.44.Final
2026-04-10T00:32:04.611+05:30  INFO 15096 --- [learniq-backend] [           main] o.h.c.internal.RegionFactoryInitiator    : HHH000026: Second-level cache disabled
2026-04-10T00:32:05.460+05:30  INFO 15096 --- [learniq-backend] [           main] o.s.o.j.p.SpringPersistenceUnitInfo      : No LoadTimeWeaver setup: ignoring JPA class transformer
2026-04-10T00:32:05.562+05:30  INFO 15096 --- [learniq-backend] [           main] com.zaxxer.hikari.HikariDataSource       : HikariPool-1 - Starting...
2026-04-10T00:32:06.035+05:30  INFO 15096 --- [learniq-backend] [           main] com.zaxxer.hikari.pool.HikariPool        : HikariPool-1 - Added connection conn0: url=jdbc:h2:file:./data/learniq_db user=SA
2026-04-10T00:32:06.038+05:30  INFO 15096 --- [learniq-backend] [           main] com.zaxxer.hikari.HikariDataSource       : HikariPool-1 - Start completed.
2026-04-10T00:32:06.099+05:30  WARN 15096 --- [learniq-backend] [           main] org.hibernate.orm.deprecation            : HHH90000025: H2Dialect does not need to be specified explicitly using 'hibernate.dialect' (remove the property setting and it will be selected by default)
2026-04-10T00:32:06.158+05:30  INFO 15096 --- [learniq-backend] [           main] org.hibernate.orm.connections.pooling    : HHH10001005: Database info:
	Database JDBC URL [Connecting through datasource 'HikariDataSource (HikariPool-1)']
	Database driver: undefined/unknown
	Database version: 2.3.232
	Autocommit mode: undefined/unknown
	Isolation level: undefined/unknown
	Minimum pool size: undefined/unknown
	Maximum pool size: undefined/unknown
2026-04-10T00:32:08.437+05:30  INFO 15096 --- [learniq-backend] [           main] o.h.e.t.j.p.i.JtaPlatformInitiator       : HHH000489: No JTA platform available (set 'hibernate.transaction.jta.platform' to enable JTA platform integration)
Hibernate: alter table if exists test_attempts add column status enum ('EXPIRED','IN_PROGRESS','SUBMITTED') not null
2026-04-10T00:32:08.551+05:30  WARN 15096 --- [learniq-backend] [           main] o.h.t.s.i.ExceptionHandlerLoggedImpl     : GenerationTarget encountered exception accepting command : Error executing DDL "alter table if exists test_attempts add column status enum ('EXPIRED','IN_PROGRESS','SUBMITTED') not null" via JDBC [NULL not allowed for column "STATUS";]

org.hibernate.tool.schema.spi.CommandAcceptanceException: Error executing DDL "alter table if exists test_attempts add column status enum ('EXPIRED','IN_PROGRESS','SUBMITTED') not null" via JDBC [NULL not allowed for column "STATUS";]
	at org.hibernate.tool.schema.internal.exec.GenerationTargetToDatabase.accept(GenerationTargetToDatabase.java:94) ~[hibernate-core-6.6.44.Final.jar:6.6.44.Final]
	at org.hibernate.tool.schema.internal.AbstractSchemaMigrator.applySqlString(AbstractSchemaMigrator.java:576) ~[hibernate-core-6.6.44.Final.jar:6.6.44.Final]
	at org.hibernate.tool.schema.internal.AbstractSchemaMigrator.applySqlStrings(AbstractSchemaMigrator.java:516) ~[hibernate-core-6.6.44.Final.jar:6.6.44.Final]
	at org.hibernate.tool.schema.internal.AbstractSchemaMigrator.migrateTable(AbstractSchemaMigrator.java:334) ~[hibernate-core-6.6.44.Final.jar:6.6.44.Final]
	at org.hibernate.tool.schema.internal.GroupedSchemaMigratorImpl.performTablesMigration(GroupedSchemaMigratorImpl.java:84) ~[hibernate-core-6.6.44.Final.jar:6.6.44.Final]
	at org.hibernate.tool.schema.internal.AbstractSchemaMigrator.performMigration(AbstractSchemaMigrator.java:233) ~[hibernate-core-6.6.44.Final.jar:6.6.44.Final]
	at org.hibernate.tool.schema.internal.AbstractSchemaMigrator.doMigration(AbstractSchemaMigrator.java:112) ~[hibernate-core-6.6.44.Final.jar:6.6.44.Final]
	at org.hibernate.tool.schema.spi.SchemaManagementToolCoordinator.performDatabaseAction(SchemaManagementToolCoordinator.java:280) ~[hibernate-core-6.6.44.Final.jar:6.6.44.Final]
	at org.hibernate.tool.schema.spi.SchemaManagementToolCoordinator.lambda$process$5(SchemaManagementToolCoordinator.java:144) ~[hibernate-core-6.6.44.Final.jar:6.6.44.Final]
	at java.base/java.util.HashMap.forEach(HashMap.java:1421) ~[na:na]
	at org.hibernate.tool.schema.spi.SchemaManagementToolCoordinator.process(SchemaManagementToolCoordinator.java:141) ~[hibernate-core-6.6.44.Final.jar:6.6.44.Final]
	at org.hibernate.boot.internal.SessionFactoryObserverForSchemaExport.sessionFactoryCreated(SessionFactoryObserverForSchemaExport.java:37) ~[hibernate-core-6.6.44.Final.jar:6.6.44.Final]
	at org.hibernate.internal.SessionFactoryObserverChain.sessionFactoryCreated(SessionFactoryObserverChain.java:35) ~[hibernate-core-6.6.44.Final.jar:6.6.44.Final]
	at org.hibernate.internal.SessionFactoryImpl.<init>(SessionFactoryImpl.java:324) ~[hibernate-core-6.6.44.Final.jar:6.6.44.Final]
	at org.hibernate.boot.internal.SessionFactoryBuilderImpl.build(SessionFactoryBuilderImpl.java:463) ~[hibernate-core-6.6.44.Final.jar:6.6.44.Final]
	at org.hibernate.jpa.boot.internal.EntityManagerFactoryBuilderImpl.build(EntityManagerFactoryBuilderImpl.java:1517) ~[hibernate-core-6.6.44.Final.jar:6.6.44.Final]
	at org.springframework.orm.jpa.vendor.SpringHibernateJpaPersistenceProvider.createContainerEntityManagerFactory(SpringHibernateJpaPersistenceProvider.java:66) ~[spring-orm-6.2.17.jar:6.2.17]
	at org.springframework.orm.jpa.LocalContainerEntityManagerFactoryBean.createNativeEntityManagerFactory(LocalContainerEntityManagerFactoryBean.java:388) ~[spring-orm-6.2.17.jar:6.2.17]
	at org.springframework.orm.jpa.AbstractEntityManagerFactoryBean.buildNativeEntityManagerFactory(AbstractEntityManagerFactoryBean.java:419) ~[spring-orm-6.2.17.jar:6.2.17]
	at org.springframework.orm.jpa.AbstractEntityManagerFactoryBean.afterPropertiesSet(AbstractEntityManagerFactoryBean.java:400) ~[spring-orm-6.2.17.jar:6.2.17]
	at org.springframework.orm.jpa.LocalContainerEntityManagerFactoryBean.afterPropertiesSet(LocalContainerEntityManagerFactoryBean.java:364) ~[spring-orm-6.2.17.jar:6.2.17]
	at org.springframework.beans.factory.support.AbstractAutowireCapableBeanFactory.invokeInitMethods(AbstractAutowireCapableBeanFactory.java:1873) ~[spring-beans-6.2.17.jar:6.2.17]
	at org.springframework.beans.factory.support.AbstractAutowireCapableBeanFactory.initializeBean(AbstractAutowireCapableBeanFactory.java:1822) ~[spring-beans-6.2.17.jar:6.2.17]
	at org.springframework.beans.factory.support.AbstractAutowireCapableBeanFactory.doCreateBean(AbstractAutowireCapableBeanFactory.java:607) ~[spring-beans-6.2.17.jar:6.2.17]
	at org.springframework.beans.factory.support.AbstractAutowireCapableBeanFactory.createBean(AbstractAutowireCapableBeanFactory.java:529) ~[spring-beans-6.2.17.jar:6.2.17]
	at org.springframework.beans.factory.support.AbstractBeanFactory.lambda$doGetBean$0(AbstractBeanFactory.java:339) ~[spring-beans-6.2.17.jar:6.2.17]
	at org.springframework.beans.factory.support.DefaultSingletonBeanRegistry.getSingleton(DefaultSingletonBeanRegistry.java:373) ~[spring-beans-6.2.17.jar:6.2.17]
	at org.springframework.beans.factory.support.AbstractBeanFactory.doGetBean(AbstractBeanFactory.java:337) ~[spring-beans-6.2.17.jar:6.2.17]
	at org.springframework.beans.factory.support.AbstractBeanFactory.getBean(AbstractBeanFactory.java:207) ~[spring-beans-6.2.17.jar:6.2.17]
	at org.springframework.context.support.AbstractApplicationContext.finishBeanFactoryInitialization(AbstractApplicationContext.java:974) ~[spring-context-6.2.17.jar:6.2.17]
	at org.springframework.context.support.AbstractApplicationContext.refresh(AbstractApplicationContext.java:628) ~[spring-context-6.2.17.jar:6.2.17]
	at org.springframework.boot.web.servlet.context.ServletWebServerApplicationContext.refresh(ServletWebServerApplicationContext.java:146) ~[spring-boot-3.5.12.jar:3.5.12]
	at org.springframework.boot.SpringApplication.refresh(SpringApplication.java:752) ~[spring-boot-3.5.12.jar:3.5.12]
	at org.springframework.boot.SpringApplication.refreshContext(SpringApplication.java:439) ~[spring-boot-3.5.12.jar:3.5.12]
	at org.springframework.boot.SpringApplication.run(SpringApplication.java:318) ~[spring-boot-3.5.12.jar:3.5.12]
	at org.springframework.boot.SpringApplication.run(SpringApplication.java:1361) ~[spring-boot-3.5.12.jar:3.5.12]
	at org.springframework.boot.SpringApplication.run(SpringApplication.java:1350) ~[spring-boot-3.5.12.jar:3.5.12]
	at learniq_backend.LearniqBackendApplication.main(LearniqBackendApplication.java:11) ~[classes/:na]
Caused by: org.h2.jdbc.JdbcSQLIntegrityConstraintViolationException: NULL not allowed for column "STATUS"; SQL statement:
INSERT INTO "PUBLIC"."TEST_ATTEMPTS_COPY_53_5"("ID", "CORRECT_COUNT", "SCORE_PERCENT", "SUBMITTED_AT", "TOTAL_QUESTIONS", "USER_EMAIL", "USER_NAME", "WRONG_COUNT", "TEST_ID", "STARTED_AT", "END_TIME") OVERRIDING SYSTEM VALUE SELECT "ID", "CORRECT_COUNT", "SCORE_PERCENT", "SUBMITTED_AT", "TOTAL_QUESTIONS", "USER_EMAIL", "USER_NAME", "WRONG_COUNT", "TEST_ID", "STARTED_AT", "END_TIME" FROM "PUBLIC"."TEST_ATTEMPTS" [23502-232]
	at org.h2.message.DbException.getJdbcSQLException(DbException.java:520)
	at org.h2.message.DbException.getJdbcSQLException(DbException.java:489)
	at org.h2.message.DbException.get(DbException.java:223)
	at org.h2.message.DbException.get(DbException.java:199)
	at org.h2.table.Column.validateConvertUpdateSequence(Column.java:402)
	at org.h2.table.Table.convertInsertRow(Table.java:963)
	at org.h2.command.dml.Insert.addRow(Insert.java:229)
	at org.h2.command.dml.Insert.insertRows(Insert.java:203)
	at org.h2.command.dml.Insert.update(Insert.java:135)
	at org.h2.command.dml.DataChangeStatement.update(DataChangeStatement.java:74)
	at org.h2.command.CommandContainer.update(CommandContainer.java:139)
	at org.h2.command.Command.executeUpdate(Command.java:304)
	at org.h2.command.Command.executeUpdate(Command.java:248)
	at org.h2.command.ddl.AlterTableAlterColumn.execute(AlterTableAlterColumn.java:648)
	at org.h2.command.ddl.AlterTableAlterColumn.cloneTableStructure(AlterTableAlterColumn.java:560)
	at org.h2.command.ddl.AlterTableAlterColumn.copyData(AlterTableAlterColumn.java:343)
	at org.h2.command.ddl.AlterTableAlterColumn.update(AlterTableAlterColumn.java:244)
	at org.h2.command.CommandContainer.update(CommandContainer.java:139)
	at org.h2.command.Command.executeUpdate(Command.java:304)
	at org.h2.command.Command.executeUpdate(Command.java:248)
	at org.h2.server.TcpServerThread.process(TcpServerThread.java:386)
	at org.h2.server.TcpServerThread.run(TcpServerThread.java:193)
	at java.base/java.lang.Thread.run(Thread.java:840)

	at org.h2.message.DbException.getJdbcSQLException(DbException.java:520) ~[h2-2.3.232.jar:2.3.232]
	at org.h2.engine.SessionRemote.readSQLException(SessionRemote.java:663) ~[h2-2.3.232.jar:2.3.232]
	at org.h2.engine.SessionRemote.readException(SessionRemote.java:646) ~[h2-2.3.232.jar:2.3.232]
	at org.h2.engine.SessionRemote.done(SessionRemote.java:620) ~[h2-2.3.232.jar:2.3.232]
	at org.h2.command.CommandRemote.executeUpdate(CommandRemote.java:225) ~[h2-2.3.232.jar:2.3.232]
	at org.h2.jdbc.JdbcStatement.executeInternal(JdbcStatement.java:262) ~[h2-2.3.232.jar:2.3.232]
	at org.h2.jdbc.JdbcStatement.execute(JdbcStatement.java:231) ~[h2-2.3.232.jar:2.3.232]
	at com.zaxxer.hikari.pool.ProxyStatement.execute(ProxyStatement.java:95) ~[HikariCP-6.3.3.jar:na]
	at com.zaxxer.hikari.pool.HikariProxyStatement.execute(HikariProxyStatement.java) ~[HikariCP-6.3.3.jar:na]
	at org.hibernate.tool.schema.internal.exec.GenerationTargetToDatabase.accept(GenerationTargetToDatabase.java:80) ~[hibernate-core-6.6.44.Final.jar:6.6.44.Final]
	... 37 common frames omitted

2026-04-10T00:32:08.584+05:30  INFO 15096 --- [learniq-backend] [           main] j.LocalContainerEntityManagerFactoryBean : Initialized JPA EntityManagerFactory for persistence unit 'default'
2026-04-10T00:32:09.870+05:30  WARN 15096 --- [learniq-backend] [           main] JpaBaseConfiguration$JpaWebConfiguration : spring.jpa.open-in-view is enabled by default. Therefore, database queries may be performed during view rendering. Explicitly configure spring.jpa.open-in-view to disable this warning
2026-04-10T00:32:10.267+05:30  WARN 15096 --- [learniq-backend] [           main] .s.s.UserDetailsServiceAutoConfiguration : 

Using generated security password: 83d9281c-9cc7-4797-aa13-e504a8d76c2e

This generated password is for development use only. Your security configuration must be updated before running your application in production.

2026-04-10T00:32:10.288+05:30  INFO 15096 --- [learniq-backend] [           main] r$InitializeUserDetailsManagerConfigurer : Global AuthenticationManager configured with UserDetailsService bean with name inMemoryUserDetailsManager
2026-04-10T00:32:11.074+05:30  INFO 15096 --- [learniq-backend] [           main] o.s.b.a.h2.H2ConsoleAutoConfiguration    : H2 console available at '/h2-console'. Database available at 'jdbc:h2:file:./data/learniq_db'
2026-04-10T00:32:11.265+05:30  WARN 15096 --- [learniq-backend] [           main] ConfigServletWebServerApplicationContext : Exception encountered during context initialization - cancelling refresh attempt: org.springframework.context.ApplicationContextException: Failed to start bean 'webServerStartStop'
2026-04-10T00:32:11.273+05:30  INFO 15096 --- [learniq-backend] [           main] j.LocalContainerEntityManagerFactoryBean : Closing JPA EntityManagerFactory for persistence unit 'default'
2026-04-10T00:32:11.279+05:30  INFO 15096 --- [learniq-backend] [           main] com.zaxxer.hikari.HikariDataSource       : HikariPool-1 - Shutdown initiated...
2026-04-10T00:32:11.292+05:30  INFO 15096 --- [learniq-backend] [           main] com.zaxxer.hikari.HikariDataSource       : HikariPool-1 - Shutdown completed.
2026-04-10T00:32:11.327+05:30  INFO 15096 --- [learniq-backend] [           main] .s.b.a.l.ConditionEvaluationReportLogger : 

Error starting ApplicationContext. To display the condition evaluation report re-run your application with 'debug' enabled.
2026-04-10T00:32:11.372+05:30 ERROR 15096 --- [learniq-backend] [           main] o.s.b.d.LoggingFailureAnalysisReporter   : 

***************************
APPLICATION FAILED TO START
***************************

Description:

Web server failed to start. Port 8080 was already in use.

Action:

Identify and stop the process that's listening on port 8080 or configure this application to listen on another port.

[INFO] ------------------------------------------------------------------------
[INFO] BUILD FAILURE
[INFO] ------------------------------------------------------------------------
[INFO] Total time:  21.036 s
[INFO] Finished at: 2026-04-10T00:32:11+05:30
[INFO] ------------------------------------------------------------------------
[ERROR] Failed to execute goal org.springframework.boot:spring-boot-maven-plugin:3.5.12:run (default-cli) on project learniq-backend: Process terminated with exit code: 1 -> [Help 1]
[ERROR] 
[ERROR] To see the full stack trace of the errors, re-run Maven with the -e switch.
[ERROR] Re-run Maven using the -X switch to enable full debug logging.
[ERROR] 
[ERROR] For more information about the errors and possible solutions, please read the following articles:
[ERROR] [Help 1] http://cwiki.apache.org/confluence/display/MAVEN/MojoExecutionException
