[INFO] Scanning for projects...
[INFO] 
[INFO] --------------------< com.cravita:learniq-backend >---------------------
[INFO] Building  0.0.1-SNAPSHOT
[INFO]   from pom.xml
[INFO] --------------------------------[ jar ]---------------------------------
[INFO] 
[INFO] --- resources:3.3.1:resources (default-resources) @ learniq-backend ---
[INFO] Copying 1 resource from src\main\resources to target\classes
[INFO] Copying 4 resources from src\main\resources to target\classes
[INFO] 
[INFO] --- compiler:3.14.1:compile (default-compile) @ learniq-backend ---
[INFO] Recompiling the module because of changed source code.
[INFO] Compiling 30 source files with javac [debug parameters release 17] to target\classes
[INFO] -------------------------------------------------------------
[ERROR] COMPILATION ERROR : 
[INFO] -------------------------------------------------------------
[ERROR] /C:/Users/rampb/OneDrive/Desktop/LearnIQ/learniq-backend/src/main/java/learniq_backend/exception/GlobalExceptionHandler.java:[26,38] cannot find symbol
  symbol:   variable HttpStatus
  location: class learniq_backend.exception.GlobalExceptionHandler
[INFO] 1 error
[INFO] -------------------------------------------------------------
[INFO] ------------------------------------------------------------------------
[INFO] BUILD FAILURE
[INFO] ------------------------------------------------------------------------
[INFO] Total time:  26.697 s
[INFO] Finished at: 2026-04-09T02:00:18+05:30
[INFO] ------------------------------------------------------------------------
[ERROR] Failed to execute goal org.apache.maven.plugins:maven-compiler-plugin:3.14.1:compile (default-compile) on project learniq-backend: Compilation failure
[ERROR] /C:/Users/rampb/OneDrive/Desktop/LearnIQ/learniq-backend/src/main/java/learniq_backend/exception/GlobalExceptionHandler.java:[26,38] cannot find symbol
[ERROR]   symbol:   variable HttpStatus
[ERROR]   location: class learniq_backend.exception.GlobalExceptionHandler
[ERROR] -> [Help 1]
[ERROR] 
[ERROR] To see the full stack trace of the errors, re-run Maven with the -e switch.
[ERROR] Re-run Maven using the -X switch to enable full debug logging.
[ERROR] 
[ERROR] For more information about the errors and possible solutions, please read the following articles:
[ERROR] [Help 1] http://cwiki.apache.org/confluence/display/MAVEN/MojoFailureException
